<?xml version="1.0" encoding="UTF-8"?>
<!-- Generated by org.testng.reporters.JUnitReportReporter -->
<testsuite skipped="0" hostname="DESKTOP-OJTF1EJ" name="com.cashe.mobile.tests.LoginTest" tests="1" failures="0" timestamp="18 Sep 2019 07:46:36 GMT" time="43.273" errors="0">
  <testcase name="loginMb" time="43.273" classname="com.cashe.mobile.tests.LoginTest"/>
</testsuite> <!-- com.cashe.mobile.tests.LoginTest -->
